SF:lib\data\models\auth\create_user_req.dart
DA:6,1
LF:1
LH:1
end_of_record
SF:lib\data\models\auth\sign_in_user_req.dart
DA:5,1
LF:1
LH:1
end_of_record
SF:lib\data\sources\auth\auth_firebase_datasource.dart
DA:22,1
DA:27,1
DA:30,2
DA:31,2
DA:33,7
DA:34,1
DA:35,2
DA:39,1
DA:40,1
DA:42,2
DA:44,2
DA:48,1
DA:52,1
DA:55,2
DA:56,2
DA:59,1
DA:60,1
DA:62,2
DA:64,2
DA:68,1
DA:72,1
DA:75,1
DA:76,1
DA:77,3
DA:78,1
DA:80,2
DA:82,1
DA:83,2
DA:85,1
DA:86,1
LF:30
LH:30
end_of_record
SF:lib\data\models\auth\user.dart
DA:10,0
DA:16,1
DA:17,2
DA:18,2
DA:19,2
DA:24,1
DA:25,1
DA:26,1
DA:27,1
DA:28,1
LF:10
LH:9
end_of_record
SF:lib\domain\entities\auth\user_entity.dart
DA:6,1
LF:1
LH:1
end_of_record
